E:\3-DJ\OF_V0073_VS2010_RELEASE\OF_V0073_VS2010_RELEASE\ADDONS\OFXOGRE\OFXOGREEXAMPLE\BIN\OFXOGREEXAMPLE.EXE
E:\3-dj\of_v0073_vs2010_release\of_v0073_vs2010_release\addons\ofxOgre\ofxOgreExample\bin\ofxOgreExample.exp
E:\3-dj\of_v0073_vs2010_release\of_v0073_vs2010_release\addons\ofxOgre\ofxOgreExample\bin\ofxOgreExample.lib
E:\3-DJ\OF_V0073_VS2010_RELEASE\OF_V0073_VS2010_RELEASE\ADDONS\OFXOGRE\OFXOGREEXAMPLE\OBJ\RELEASE\BASEAPPLICATION.OBJ
E:\3-dj\of_v0073_vs2010_release\of_v0073_vs2010_release\addons\ofxOgre\ofxOgreExample\obj\Release\cl.command.1.tlog
E:\3-dj\of_v0073_vs2010_release\of_v0073_vs2010_release\addons\ofxOgre\ofxOgreExample\obj\Release\CL.read.1.tlog
E:\3-dj\of_v0073_vs2010_release\of_v0073_vs2010_release\addons\ofxOgre\ofxOgreExample\obj\Release\CL.write.1.tlog
E:\3-DJ\OF_V0073_VS2010_RELEASE\OF_V0073_VS2010_RELEASE\ADDONS\OFXOGRE\OFXOGREEXAMPLE\OBJ\RELEASE\DATAPOOL.OBJ
E:\3-dj\of_v0073_vs2010_release\of_v0073_vs2010_release\addons\ofxOgre\ofxOgreExample\obj\Release\link.command.1.tlog
E:\3-dj\of_v0073_vs2010_release\of_v0073_vs2010_release\addons\ofxOgre\ofxOgreExample\obj\Release\link.read.1.tlog
E:\3-dj\of_v0073_vs2010_release\of_v0073_vs2010_release\addons\ofxOgre\ofxOgreExample\obj\Release\link.write.1.tlog
E:\3-DJ\OF_V0073_VS2010_RELEASE\OF_V0073_VS2010_RELEASE\ADDONS\OFXOGRE\OFXOGREEXAMPLE\OBJ\RELEASE\MAIN.OBJ
E:\3-dj\of_v0073_vs2010_release\of_v0073_vs2010_release\addons\ofxOgre\ofxOgreExample\obj\Release\mt.command.1.tlog
E:\3-dj\of_v0073_vs2010_release\of_v0073_vs2010_release\addons\ofxOgre\ofxOgreExample\obj\Release\mt.read.1.tlog
E:\3-dj\of_v0073_vs2010_release\of_v0073_vs2010_release\addons\ofxOgre\ofxOgreExample\obj\Release\mt.write.1.tlog
E:\3-DJ\OF_V0073_VS2010_RELEASE\OF_V0073_VS2010_RELEASE\ADDONS\OFXOGRE\OFXOGREEXAMPLE\OBJ\RELEASE\OFXOGREEXAMPLE.EXE.INTERMEDIATE.MANIFEST
E:\3-dj\of_v0073_vs2010_release\of_v0073_vs2010_release\addons\ofxOgre\ofxOgreExample\obj\Release\ofxOgreExample.write.1.tlog
E:\3-DJ\OF_V0073_VS2010_RELEASE\OF_V0073_VS2010_RELEASE\ADDONS\OFXOGRE\OFXOGREEXAMPLE\OBJ\RELEASE\OFXOPENNI.OBJ
E:\3-DJ\OF_V0073_VS2010_RELEASE\OF_V0073_VS2010_RELEASE\ADDONS\OFXOGRE\OFXOGREEXAMPLE\OBJ\RELEASE\OFXOPENNITYPES.OBJ
E:\3-dj\of_v0073_vs2010_release\of_v0073_vs2010_release\addons\ofxOgre\ofxOgreExample\obj\Release\ResolveAssemblyReference.cache
E:\3-DJ\OF_V0073_VS2010_RELEASE\OF_V0073_VS2010_RELEASE\ADDONS\OFXOGRE\OFXOGREEXAMPLE\OBJ\RELEASE\TESTAPP.OBJ
E:\3-DJ\OF_V0073_VS2010_RELEASE\OF_V0073_VS2010_RELEASE\ADDONS\OFXOGRE\OFXOGREEXAMPLE\OBJ\RELEASE\TUTORIALAPPLICATION.OBJ
